<?xml version="1.0" encoding="UTF-8"?>
<!-- Generated by org.testng.reporters.JUnitReportReporter -->
<testsuite hostname="KarthikeyansMBP" failures="0" tests="1" name="FitaMavenProject.Parabank.ParaBankTest" time="22.865" errors="0" timestamp="2025-09-17T23:41:39 GMT+08:00" skipped="0">
  <testcase classname="FitaMavenProject.Parabank.ParaBankTest" name="testFullEndToEndFlow" time="22.865"/>
</testsuite> <!-- FitaMavenProject.Parabank.ParaBankTest -->
