<?xml version="1.0" encoding="UTF-8"?>
<!-- Generated by org.testng.reporters.JUnitReportReporter -->
<testsuite hostname="KarthikeyansMBP" failures="0" tests="1" name="FitaMavenProject.Parabank.ParaBankTest" time="27.846" errors="0" timestamp="2025-09-24T23:46:26 SGT" skipped="0">
  <testcase classname="FitaMavenProject.Parabank.ParaBankTest" name="testFullEndToEndFlow" time="27.846"/>
</testsuite> <!-- FitaMavenProject.Parabank.ParaBankTest -->
