<?xml version="1.0" encoding="UTF-8"?>
<!-- Generated by org.testng.reporters.JUnitReportReporter -->
<testsuite hostname="Karthikeyans-MacBook-Pro.local" failures="0" tests="1" name="FitaMavenProject.Parabank.browserFromTestingXml" time="3.744" errors="0" timestamp="2025-07-05T01:49:31 GMT+08:00" skipped="0">
  <testcase classname="FitaMavenProject.Parabank.browserFromTestingXml" name="openGoogle" time="3.744"/>
</testsuite> <!-- FitaMavenProject.Parabank.browserFromTestingXml -->
